1.3.3.1 @ 2015.02.18
1. 支持直接将图片放于 TieBa-Background 目录下（扩展 id 直接填写 TieBa-Background 的 id 而不需安装扩展更新程序）；
2. 修复修改图片数量后的随机显示问题；
3. 新的滚动条样式；
4. 重新提供 crx 版本扩展程序。

1.3.3 @ 2015.01.17
1. 修改图片随机输出方式，保证在每个随机周期中所有图片均展示一次；
2. 修改 hot fix 样式载入方式，解决阻碍页面载入的问题；
3. 合并 hot fix 样式。

1.3.2.2 @ 2014.07.11
1. 合并 hot fix 样式；
2. 小幅度样式改进，去除右上角各种图标；
3. 删除失效更新服务器。

1.3.2.1 @ 2014.06.10
1. 修复 1.3.2 版本无法保存设置的问题

1.3.2 @ 2014.06.09
1. 修复部分样式并屏蔽部分广告
2. 统一弹窗样式，修改设置记录函数
3. 添加 hot fix 样式功能（该样式为下一版本 TieBa-Background 发布之前的临时修复样式）

其他版本省略